<?xml version="1.0" encoding="UTF-8"?>
<!-- Generated by org.testng.reporters.JUnitReportReporter -->
<testsuite hostname="DESKTOP-VHGDQ5C" failures="0" tests="4" name="Test123.TeatNg_Class" time="0.055" errors="0" timestamp="2022-05-27T14:05:32 IST" skipped="0">
  <testcase classname="Test123.TeatNg_Class" name="setbrowser" time="0.034"/>
  <system-out/>
  <testcase classname="Test123.TeatNg_Class" name="launchbrowser" time="0.007"/>
  <system-out/>
  <testcase classname="Test123.TeatNg_Class" name="delta" time="0.010"/>
  <system-out/>
  <testcase classname="Test123.TeatNg_Class" name="setbrowser" time="0.004"/>
  <system-out/>
</testsuite> <!-- Test123.TeatNg_Class -->
